#
# There is insufficient memory for the Java Runtime Environment to continue.
# Native memory allocation (mmap) failed to map 123731968 bytes for G1 virtual space
# Possible reasons:
#   The system is out of physical RAM or swap space
#   The process is running with CompressedOops enabled, and the Java Heap may be blocking the growth of the native heap
# Possible solutions:
#   Reduce memory load on the system
#   Increase physical memory or swap space
#   Check if swap backing store is full
#   Decrease Java heap size (-Xmx/-Xms)
#   Decrease number of Java threads
#   Decrease Java thread stack sizes (-Xss)
#   Set larger code cache with -XX:ReservedCodeCacheSize=
#   JVM is running with Unscaled Compressed Oops mode in which the Java heap is
#     placed in the first 4GB address space. The Java Heap base address is the
#     maximum limit for the native heap growth. Please use -XX:HeapBaseMinAddress
#     to set the Java Heap base and to place the Java Heap above 4GB virtual address.
# This output file may be truncated or incomplete.
#
#  Out of Memory Error (os_windows.cpp:3530), pid=34236, tid=33540
#
# JRE version:  (18.0.2+9) (build )
# Java VM: Java HotSpot(TM) 64-Bit Server VM (18.0.2+9-61, mixed mode, sharing, tiered, compressed oops, compressed class ptrs, g1 gc, windows-amd64)
# No core dump will be written. Minidumps are not enabled by default on client versions of Windows
#

---------------  S U M M A R Y ------------

Command Line: -Dfile.encoding=UTF-8 --module-path=C:\Users\hp\Documents\NetBeansProjects\bank management system\build\classes bank.management.system.Login

Host: AMD Ryzen 5 5600H with Radeon Graphics         , 12 cores, 7G,  Windows 11 , 64 bit Build 22621 (10.0.22621.1344)
Time: Sun Apr  2 20:05:28 2023 India Standard Time elapsed time: 0.014119 seconds (0d 0h 0m 0s)

---------------  T H R E A D  ---------------

Current thread (0x000001e1b30cc950):  JavaThread "Unknown thread" [_thread_in_vm, id=33540, stack(0x00000058a8200000,0x00000058a8300000)]

Stack: [0x00000058a8200000,0x00000058a8300000]
Native frames: (J=compiled Java code, j=interpreted, Vv=VM code, C=native code)
V  [jvm.dll+0x6993ca]
V  [jvm.dll+0x7f481d]
V  [jvm.dll+0x7f612e]
V  [jvm.dll+0x7f67e3]
V  [jvm.dll+0x25cdaf]
V  [jvm.dll+0x696319]
V  [jvm.dll+0x68ae4a]
V  [jvm.dll+0x3223eb]
V  [jvm.dll+0x329dc6]
V  [jvm.dll+0x37eade]
V  [jvm.dll+0x37ed0f]
V  [jvm.dll+0x2fa16a]
V  [jvm.dll+0x2fb1cd]
V  [jvm.dll+0x7c3450]
V  [jvm.dll+0x38be61]
V  [jvm.dll+0x7a2073]
V  [jvm.dll+0x40dc3f]
V  [jvm.dll+0x40f611]
C  [jli.dll+0x526b]
C  [ucrtbase.dll+0x29363]
C  [KERNEL32.DLL+0x126bd]
C  [ntdll.dll+0x5a9f8]


---------------  P R O C E S S  ---------------

Threads class SMR info:
_java_thread_list=0x00007fff969de550, length=0, elements={
}

Java Threads: ( => current thread )

Other Threads:
  0x000001e1b312ab50 WorkerThread "GC Thread#0" [stack: 0x00000058a8300000,0x00000058a8400000] [id=35536]
  0x000001e1b313c630 ConcurrentGCThread "G1 Main Marker" [stack: 0x00000058a8400000,0x00000058a8500000] [id=33020]
  0x000001e1b313e570 WorkerThread "G1 Conc#0" [stack: 0x00000058a8500000,0x00000058a8600000] [id=34580]

[error occurred during error reporting (printing all threads), id 0xc0000005, EXCEPTION_ACCESS_VIOLATION (0xc0000005) at pc=0x00007fff9620a707]

VM state: not at safepoint (not fully initialized)

VM Mutex/Monitor currently owned by a thread:  ([mutex/lock_event])
[0x000001e1b30c8200] Heap_lock - owner thread: 0x000001e1b30cc950

Heap address: 0x000000008a600000, size: 1882 MB, Compressed Oops mode: 32-bit

CDS archive(s) mapped at: [0x0000000000000000-0x0000000000000000-0x0000000000000000), size 0, SharedBaseAddress: 0x0000000800000000, ArchiveRelocationMode: 0.
Narrow klass base: 0x0000000000000000, Narrow klass shift: 0, Narrow klass range: 0x0

GC Precious Log:
 CardTable entry size: 512
 Card Set container configuration: InlinePtr #cards 5 size 8 Array Of Cards #cards 12 size 40 Howl #buckets 4 coarsen threshold 1843 Howl Bitmap #cards 512 size 80 coarsen threshold 460 Card regions per heap region 1 cards per card region 2048

Heap:
 garbage-first heap   total 0K, used 0K [0x000000008a600000, 0x0000000100000000)
  region size 1024K, 0 young (0K), 0 survivors (0K)

[error occurred during error reporting (printing heap information), id 0xc0000005, EXCEPTION_ACCESS_VIOLATION (0xc0000005) at pc=0x00007fff965f1859]

GC Heap History (0 events):
No events

Deoptimization events (0 events):
No events

Classes loaded (0 events):
No events

Classes unloaded (0 events):
No events

Classes redefined (0 events):
No events

Internal exceptions (0 events):
No events

VM Operations (0 events):
No events

Events (1 events):
Event: 0.010 Loaded shared library C:\Program Files\Java\jdk-18.0.2\bin\java.dll


Dynamic libraries:
0x00007ff67b2c0000 - 0x00007ff67b2d0000 	C:\Program Files\Java\jdk-18.0.2\bin\java.exe
0x00007ff817150000 - 0x00007ff817364000 	C:\WINDOWS\SYSTEM32\ntdll.dll
0x00007ff815bf0000 - 0x00007ff815cb3000 	C:\WINDOWS\System32\KERNEL32.DLL
0x00007ff814610000 - 0x00007ff8149ac000 	C:\WINDOWS\System32\KERNELBASE.dll
0x00007ff8149b0000 - 0x00007ff814ac1000 	C:\WINDOWS\System32\ucrtbase.dll
0x00007fffc18a0000 - 0x00007fffc18b8000 	C:\Program Files\Java\jdk-18.0.2\bin\jli.dll
0x00007ff80d3e0000 - 0x00007ff80d3fa000 	C:\Program Files\Java\jdk-18.0.2\bin\VCRUNTIME140.dll
0x00007ff816b10000 - 0x00007ff816bbe000 	C:\WINDOWS\System32\ADVAPI32.dll
0x00007ff815090000 - 0x00007ff815137000 	C:\WINDOWS\System32\msvcrt.dll
0x00007ff814fc0000 - 0x00007ff815064000 	C:\WINDOWS\System32\sechost.dll
0x00007ff8157a0000 - 0x00007ff8158b5000 	C:\WINDOWS\System32\RPCRT4.dll
0x00007ff815e70000 - 0x00007ff81601d000 	C:\WINDOWS\System32\USER32.dll
0x00007ff814ad0000 - 0x00007ff814af6000 	C:\WINDOWS\System32\win32u.dll
0x00007ffffcfe0000 - 0x00007ffffd26e000 	C:\WINDOWS\WinSxS\amd64_microsoft.windows.common-controls_6595b64144ccf1df_6.0.22621.608_none_a9444ca7c10bb01d\COMCTL32.dll
0x00007ff8152d0000 - 0x00007ff8152f9000 	C:\WINDOWS\System32\GDI32.dll
0x00007ff814dd0000 - 0x00007ff814ee3000 	C:\WINDOWS\System32\gdi32full.dll
0x00007ff814bc0000 - 0x00007ff814c5a000 	C:\WINDOWS\System32\msvcp_win.dll
0x00007ff80cad0000 - 0x00007ff80cada000 	C:\WINDOWS\SYSTEM32\VERSION.dll
0x00007ff816d40000 - 0x00007ff816d71000 	C:\WINDOWS\System32\IMM32.DLL
0x00007ff811930000 - 0x00007ff81193c000 	C:\Program Files\Java\jdk-18.0.2\bin\vcruntime140_1.dll
0x00007ffff8bf0000 - 0x00007ffff8c7d000 	C:\Program Files\Java\jdk-18.0.2\bin\msvcp140.dll
0x00007fff95f00000 - 0x00007fff96b11000 	C:\Program Files\Java\jdk-18.0.2\bin\server\jvm.dll
0x00007ff815790000 - 0x00007ff815798000 	C:\WINDOWS\System32\PSAPI.DLL
0x00007ff80edb0000 - 0x00007ff80ede4000 	C:\WINDOWS\SYSTEM32\WINMM.dll
0x00007ff80dff0000 - 0x00007ff80dff9000 	C:\WINDOWS\SYSTEM32\WSOCK32.dll
0x00007ff816a90000 - 0x00007ff816b01000 	C:\WINDOWS\System32\WS2_32.dll
0x00007ff8135e0000 - 0x00007ff8135f8000 	C:\WINDOWS\SYSTEM32\kernel.appcore.dll
0x00007ff80fb50000 - 0x00007ff80fb5a000 	C:\Program Files\Java\jdk-18.0.2\bin\jimage.dll
0x00007ff802db0000 - 0x00007ff802fde000 	C:\WINDOWS\SYSTEM32\DBGHELP.DLL
0x00007ff816d80000 - 0x00007ff817109000 	C:\WINDOWS\System32\combase.dll
0x00007ff815140000 - 0x00007ff815217000 	C:\WINDOWS\System32\OLEAUT32.dll
0x00007ffff5950000 - 0x00007ffff5982000 	C:\WINDOWS\SYSTEM32\dbgcore.DLL
0x00007ff814590000 - 0x00007ff81460b000 	C:\WINDOWS\System32\bcryptPrimitives.dll
0x00007ffffab50000 - 0x00007ffffab75000 	C:\Program Files\Java\jdk-18.0.2\bin\java.dll

dbghelp: loaded successfully - version: 4.0.5 - missing functions: none
symbol engine: initialized successfully - sym options: 0x614 - pdb path: .;C:\Program Files\Java\jdk-18.0.2\bin;C:\WINDOWS\SYSTEM32;C:\WINDOWS\WinSxS\amd64_microsoft.windows.common-controls_6595b64144ccf1df_6.0.22621.608_none_a9444ca7c10bb01d;C:\Program Files\Java\jdk-18.0.2\bin\server

VM Arguments:
jvm_args: -Dfile.encoding=UTF-8 --module-path=C:\Users\hp\Documents\NetBeansProjects\bank management system\build\classes 
java_command: bank.management.system.Login
java_class_path (initial): C:\Users\hp\Documents\NetBeansProjects\bank management system\build\classes
Launcher Type: SUN_STANDARD

[Global flags]
     intx CICompilerCount                          = 4                                         {product} {ergonomic}
     uint ConcGCThreads                            = 3                                         {product} {ergonomic}
     uint G1ConcRefinementThreads                  = 10                                        {product} {ergonomic}
   size_t G1HeapRegionSize                         = 1048576                                   {product} {ergonomic}
    uintx GCDrainStackTargetSize                   = 64                                        {product} {ergonomic}
   size_t InitialHeapSize                          = 123731968                                 {product} {ergonomic}
   size_t MarkStackSize                            = 4194304                                   {product} {ergonomic}
   size_t MaxHeapSize                              = 1973420032                                {product} {ergonomic}
   size_t MinHeapDeltaBytes                        = 1048576                                   {product} {ergonomic}
   size_t MinHeapSize                              = 8388608                                   {product} {ergonomic}
    uintx NonNMethodCodeHeapSize                   = 5839372                                {pd product} {ergonomic}
    uintx NonProfiledCodeHeapSize                  = 122909434                              {pd product} {ergonomic}
    uintx ProfiledCodeHeapSize                     = 122909434                              {pd product} {ergonomic}
    uintx ReservedCodeCacheSize                    = 251658240                              {pd product} {ergonomic}
     bool SegmentedCodeCache                       = true                                      {product} {ergonomic}
   size_t SoftMaxHeapSize                          = 1973420032                             {manageable} {ergonomic}
     bool UseCompressedClassPointers               = true                           {product lp64_product} {ergonomic}
     bool UseCompressedOops                        = true                           {product lp64_product} {ergonomic}
     bool UseG1GC                                  = true                                      {product} {ergonomic}
     bool UseLargePagesIndividualAllocation        = false                                  {pd product} {ergonomic}

Logging:
Log output configuration:
 #0: stdout all=warning uptime,level,tags foldmultilines=false
 #1: stderr all=off uptime,level,tags foldmultilines=false

Environment Variables:
PATH=C:\Program Files\Common Files\Oracle\Java\javapath;C:\Program Files (x86)\Common Files\Oracle\Java\javapath;C:\windows\system32;C:\windows;C:\windows\System32\Wbem;C:\windows\System32\WindowsPowerShell\v1.0\;C:\windows\System32\OpenSSH\;C:\Program Files (x86)\NVIDIA Corporation\PhysX\Common;C:\Program Files\NVIDIA Corporation\NVIDIA NvDLISR;C:\Program Files\dotnet\;C:\WINDOWS\system32;C:\WINDOWS;C:\WINDOWS\System32\Wbem;C:\WINDOWS\System32\WindowsPowerShell\v1.0\;C:\WINDOWS\System32\OpenSSH\;P:\Git\cmd;C:\Program Files\Java\jdk-18.0.2\bin;C:\Program Files\MySQL\MySQL Server 8.0\bin;C:\Program Files\MySQL\MySQL Shell 8.0\bin\;C:\Users\hp\AppData\Local\Microsoft\WindowsApps;C:\Users\hp\.dotnet\tools;A:\MinGW\bin;C:\Program Files\JetBrains\IntelliJ IDEA Community Edition 2022.2.1\bin;;C:\Users\hp\AppData\Local\Programs\Microsoft VS Code\bin;P:\Program Files\Java\jdk-19\bin;;C:\Program Files\JetBrains\PyCharm Community Edition 2022.3.2\bin;
USERNAME=hp
OS=Windows_NT
PROCESSOR_IDENTIFIER=AMD64 Family 25 Model 80 Stepping 0, AuthenticAMD



---------------  S Y S T E M  ---------------

OS:
 Windows 11 , 64 bit Build 22621 (10.0.22621.1344)
OS uptime: 1 days 11:14 hours

CPU: total 12 (initial active 12) (12 cores per cpu, 2 threads per core) family 25 model 80 stepping 0 microcode 0x0, cx8, cmov, fxsr, ht, mmx, 3dnowpref, sse, sse2, sse3, ssse3, sse4a, sse4.1, sse4.2, popcnt, lzcnt, tsc, tscinvbit, avx, avx2, aes, erms, clmul, bmi1, bmi2, adx, sha, fma, vzeroupper, clflush, clflushopt

Memory: 4k page, system-wide physical 7523M (507M free)
TotalPageFile size 23039M (AvailPageFile size 78M)
current process WorkingSet (physical memory assigned to process): 11M, peak: 11M
current process commit charge ("private bytes"): 64M, peak: 182M

vm_info: Java HotSpot(TM) 64-Bit Server VM (18.0.2+9-61) for windows-amd64 JRE (18.0.2+9-61), built on Jun  7 2022 13:09:01 by "mach5one" with MS VC++ 16.8 / 16.9 (VS2019)

END.
