#
# There is insufficient memory for the Java Runtime Environment to continue.
# Native memory allocation (malloc) failed to allocate 32744 bytes for Chunk::new
# Possible reasons:
#   The system is out of physical RAM or swap space
#   The process is running with CompressedOops enabled, and the Java Heap may be blocking the growth of the native heap
# Possible solutions:
#   Reduce memory load on the system
#   Increase physical memory or swap space
#   Check if swap backing store is full
#   Decrease Java heap size (-Xmx/-Xms)
#   Decrease number of Java threads
#   Decrease Java thread stack sizes (-Xss)
#   Set larger code cache with -XX:ReservedCodeCacheSize=
#   JVM is running with Unscaled Compressed Oops mode in which the Java heap is
#     placed in the first 4GB address space. The Java Heap base address is the
#     maximum limit for the native heap growth. Please use -XX:HeapBaseMinAddress
#     to set the Java Heap base and to place the Java Heap above 4GB virtual address.
# This output file may be truncated or incomplete.
#
#  Out of Memory Error (arena.cpp:184), pid=26204, tid=27168
#
# JRE version: Java(TM) SE Runtime Environment (18.0.2+9) (build 18.0.2+9-61)
# Java VM: Java HotSpot(TM) 64-Bit Server VM (18.0.2+9-61, mixed mode, sharing, tiered, compressed oops, compressed class ptrs, g1 gc, windows-amd64)
# No core dump will be written. Minidumps are not enabled by default on client versions of Windows
#

---------------  S U M M A R Y ------------

Command Line: -Dfile.encoding=UTF-8 --module-path=C:\Users\hp\Documents\NetBeansProjects\bank management system\build\classes bank.management.system.SignupOne

Host: AMD Ryzen 5 5600H with Radeon Graphics         , 12 cores, 7G,  Windows 11 , 64 bit Build 22621 (10.0.22621.1344)
Time: Sun Apr  9 23:36:35 2023 India Standard Time elapsed time: 1.478515 seconds (0d 0h 0m 1s)

---------------  T H R E A D  ---------------

Current thread (0x000001f4d579e890):  JavaThread "C1 CompilerThread0" daemon [_thread_in_native, id=27168, stack(0x000000aa12c00000,0x000000aa12d00000)]


Current CompileTask:
C1:   1478 1213   !   3       java.awt.DefaultKeyboardFocusManager::dispatchEvent (1621 bytes)

Stack: [0x000000aa12c00000,0x000000aa12d00000]
Native frames: (J=compiled Java code, j=interpreted, Vv=VM code, C=native code)
V  [jvm.dll+0x6993ca]
V  [jvm.dll+0x7f481d]
V  [jvm.dll+0x7f612e]
V  [jvm.dll+0x7f67e3]
V  [jvm.dll+0x25cdaf]
V  [jvm.dll+0xb8c2f]
V  [jvm.dll+0xb8fa5]
V  [jvm.dll+0x16121c]
V  [jvm.dll+0x1724e5]
V  [jvm.dll+0x160490]
V  [jvm.dll+0x148f67]
V  [jvm.dll+0x1488cf]
V  [jvm.dll+0x148b26]
V  [jvm.dll+0x147f9a]
V  [jvm.dll+0x149c81]
V  [jvm.dll+0x23ec9a]
V  [jvm.dll+0x23cf85]
V  [jvm.dll+0x7a6e21]
V  [jvm.dll+0x7a125a]
V  [jvm.dll+0x698275]
C  [ucrtbase.dll+0x29363]
C  [KERNEL32.DLL+0x126bd]
C  [ntdll.dll+0x5a9f8]


---------------  P R O C E S S  ---------------

Threads class SMR info:
_java_thread_list=0x000001f4dc9475b0, length=17, elements={
0x000001f4d576ec60, 0x000001f4d576f600, 0x000001f4d5789fa0, 0x000001f4d578a940,
0x000001f4d578b2e0, 0x000001f4d578bc80, 0x000001f4d578ed70, 0x000001f4d579e890,
0x000001f4d579ee80, 0x000001f4d575b230, 0x000001f4d9d19570, 0x000001f4d9ed3af0,
0x000001f4d9ed7080, 0x000001f4d9ede420, 0x000001f4dc8dc100, 0x000001f4dc94e3a0,
0x000001f4b76ff1a0
}

Java Threads: ( => current thread )
  0x000001f4d576ec60 JavaThread "Reference Handler" daemon [_thread_blocked, id=348, stack(0x000000aa12500000,0x000000aa12600000)]
  0x000001f4d576f600 JavaThread "Finalizer" daemon [_thread_blocked, id=23560, stack(0x000000aa12600000,0x000000aa12700000)]
  0x000001f4d5789fa0 JavaThread "Signal Dispatcher" daemon [_thread_blocked, id=27524, stack(0x000000aa12700000,0x000000aa12800000)]
  0x000001f4d578a940 JavaThread "Attach Listener" daemon [_thread_blocked, id=27596, stack(0x000000aa12800000,0x000000aa12900000)]
  0x000001f4d578b2e0 JavaThread "Service Thread" daemon [_thread_blocked, id=25616, stack(0x000000aa12900000,0x000000aa12a00000)]
  0x000001f4d578bc80 JavaThread "Monitor Deflation Thread" daemon [_thread_blocked, id=25244, stack(0x000000aa12a00000,0x000000aa12b00000)]
  0x000001f4d578ed70 JavaThread "C2 CompilerThread0" daemon [_thread_blocked, id=27592, stack(0x000000aa12b00000,0x000000aa12c00000)]
=>0x000001f4d579e890 JavaThread "C1 CompilerThread0" daemon [_thread_in_native, id=27168, stack(0x000000aa12c00000,0x000000aa12d00000)]
  0x000001f4d579ee80 JavaThread "Sweeper thread" daemon [_thread_blocked, id=2656, stack(0x000000aa12d00000,0x000000aa12e00000)]
  0x000001f4d575b230 JavaThread "Common-Cleaner" daemon [_thread_blocked, id=19368, stack(0x000000aa12e00000,0x000000aa12f00000)]
  0x000001f4d9d19570 JavaThread "Notification Thread" daemon [_thread_blocked, id=24924, stack(0x000000aa12f00000,0x000000aa13000000)]
  0x000001f4d9ed3af0 JavaThread "Java2D Disposer" daemon [_thread_blocked, id=27196, stack(0x000000aa13100000,0x000000aa13200000)]
  0x000001f4d9ed7080 JavaThread "AWT-Shutdown" [_thread_blocked, id=19136, stack(0x000000aa13200000,0x000000aa13300000)]
  0x000001f4d9ede420 JavaThread "AWT-Windows" daemon [_thread_in_native, id=18472, stack(0x000000aa13300000,0x000000aa13400000)]
  0x000001f4dc8dc100 JavaThread "AWT-EventQueue-0" [_thread_in_native, id=27364, stack(0x000000aa13e00000,0x000000aa13f00000)]
  0x000001f4dc94e3a0 JavaThread "D3D Screen Updater" daemon [_thread_blocked, id=27432, stack(0x000000aa14000000,0x000000aa14100000)]
  0x000001f4b76ff1a0 JavaThread "DestroyJavaVM" [_thread_blocked, id=24720, stack(0x000000aa11e00000,0x000000aa11f00000)]

Other Threads:
  0x000001f4d576ade0 VMThread "VM Thread" [stack: 0x000000aa12400000,0x000000aa12500000] [id=26536]
  0x000001f4d9cfce20 WatcherThread "VM Periodic Task Thread" [stack: 0x000000aa13000000,0x000000aa13100000] [id=23156]
  0x000001f4b775aa20 WorkerThread "GC Thread#0" [stack: 0x000000aa11f00000,0x000000aa12000000] [id=10936]
  0x000001f4b776c500 ConcurrentGCThread "G1 Main Marker" [stack: 0x000000aa12000000,0x000000aa12100000] [id=23088]
  0x000001f4b776d590 WorkerThread "G1 Conc#0" [stack: 0x000000aa12100000,0x000000aa12200000] [id=21440]
  0x000001f4b77bdc60 ConcurrentGCThread "G1 Refine#0" [stack: 0x000000aa12200000,0x000000aa12300000] [id=16460]
  0x000001f4b77be410 ConcurrentGCThread "G1 Service" [stack: 0x000000aa12300000,0x000000aa12400000] [id=26512]

Threads with active compile tasks:
C1 CompilerThread0     1496 1213   !   3       java.awt.DefaultKeyboardFocusManager::dispatchEvent (1621 bytes)

VM state: not at safepoint (normal execution)

VM Mutex/Monitor currently owned by a thread: None

OutOfMemory and StackOverflow Exception counts:
OutOfMemoryError java_heap_errors=1
LinkageErrors=7

Heap address: 0x000000008a600000, size: 1882 MB, Compressed Oops mode: 32-bit

CDS archive(s) mapped at: [0x0000000800000000-0x0000000800ba0000-0x0000000800ba0000), size 12189696, SharedBaseAddress: 0x0000000800000000, ArchiveRelocationMode: 0.
Compressed class space mapped at: 0x0000000800c00000-0x0000000840c00000, reserved size: 1073741824
Narrow klass base: 0x0000000800000000, Narrow klass shift: 0, Narrow klass range: 0x100000000

GC Precious Log:
 CardTable entry size: 512
 Card Set container configuration: InlinePtr #cards 5 size 8 Array Of Cards #cards 12 size 40 Howl #buckets 4 coarsen threshold 1843 Howl Bitmap #cards 512 size 80 coarsen threshold 460 Card regions per heap region 1 cards per card region 2048
 CPUs: 12 total, 12 available
 Memory: 7521M
 Large Page Support: Disabled
 NUMA Support: Disabled
 Compressed Oops: Enabled (32-bit)
 Heap Region Size: 1M
 Heap Min Capacity: 8M
 Heap Initial Capacity: 118M
 Heap Max Capacity: 1882M
 Pre-touch: Disabled
 Parallel Workers: 10
 Concurrent Workers: 3
 Concurrent Refinement Workers: 10
 Periodic GC: Disabled

Heap:
 garbage-first heap   total 120832K, used 19456K [0x000000008a600000, 0x0000000100000000)
  region size 1024K, 16 young (16384K), 0 survivors (0K)
 Metaspace       used 7885K, committed 8064K, reserved 1114112K
  class space    used 855K, committed 960K, reserved 1048576K

Heap Regions: E=young(eden), S=young(survivor), O=old, HS=humongous(starts), HC=humongous(continues), CS=collection set, F=free, OA=open archive, CA=closed archive, TAMS=top-at-mark-start (previous, next)
|   0|0x000000008a600000, 0x000000008a700000, 0x000000008a700000|100%|HS|  |TAMS 0x000000008a600000, 0x000000008a600000| Complete 
|   1|0x000000008a700000, 0x000000008a800000, 0x000000008a800000|100%|HC|  |TAMS 0x000000008a700000, 0x000000008a700000| Complete 
|   2|0x000000008a800000, 0x000000008a900000, 0x000000008a900000|100%|HC|  |TAMS 0x000000008a800000, 0x000000008a800000| Complete 
|   3|0x000000008a900000, 0x000000008aa00000, 0x000000008aa00000|100%|HC|  |TAMS 0x000000008a900000, 0x000000008a900000| Complete 
|   4|0x000000008aa00000, 0x000000008aa00000, 0x000000008ab00000|  0%| F|  |TAMS 0x000000008aa00000, 0x000000008aa00000| Untracked 
|   5|0x000000008ab00000, 0x000000008ab00000, 0x000000008ac00000|  0%| F|  |TAMS 0x000000008ab00000, 0x000000008ab00000| Untracked 
|   6|0x000000008ac00000, 0x000000008ac00000, 0x000000008ad00000|  0%| F|  |TAMS 0x000000008ac00000, 0x000000008ac00000| Untracked 
|   7|0x000000008ad00000, 0x000000008ad00000, 0x000000008ae00000|  0%| F|  |TAMS 0x000000008ad00000, 0x000000008ad00000| Untracked 
|   8|0x000000008ae00000, 0x000000008ae00000, 0x000000008af00000|  0%| F|  |TAMS 0x000000008ae00000, 0x000000008ae00000| Untracked 
|   9|0x000000008af00000, 0x000000008af00000, 0x000000008b000000|  0%| F|  |TAMS 0x000000008af00000, 0x000000008af00000| Untracked 
|  10|0x000000008b000000, 0x000000008b000000, 0x000000008b100000|  0%| F|  |TAMS 0x000000008b000000, 0x000000008b000000| Untracked 
|  11|0x000000008b100000, 0x000000008b100000, 0x000000008b200000|  0%| F|  |TAMS 0x000000008b100000, 0x000000008b100000| Untracked 
|  12|0x000000008b200000, 0x000000008b200000, 0x000000008b300000|  0%| F|  |TAMS 0x000000008b200000, 0x000000008b200000| Untracked 
|  13|0x000000008b300000, 0x000000008b300000, 0x000000008b400000|  0%| F|  |TAMS 0x000000008b300000, 0x000000008b300000| Untracked 
|  14|0x000000008b400000, 0x000000008b400000, 0x000000008b500000|  0%| F|  |TAMS 0x000000008b400000, 0x000000008b400000| Untracked 
|  15|0x000000008b500000, 0x000000008b500000, 0x000000008b600000|  0%| F|  |TAMS 0x000000008b500000, 0x000000008b500000| Untracked 
|  16|0x000000008b600000, 0x000000008b600000, 0x000000008b700000|  0%| F|  |TAMS 0x000000008b600000, 0x000000008b600000| Untracked 
|  17|0x000000008b700000, 0x000000008b700000, 0x000000008b800000|  0%| F|  |TAMS 0x000000008b700000, 0x000000008b700000| Untracked 
|  18|0x000000008b800000, 0x000000008b800000, 0x000000008b900000|  0%| F|  |TAMS 0x000000008b800000, 0x000000008b800000| Untracked 
|  19|0x000000008b900000, 0x000000008b900000, 0x000000008ba00000|  0%| F|  |TAMS 0x000000008b900000, 0x000000008b900000| Untracked 
|  20|0x000000008ba00000, 0x000000008ba00000, 0x000000008bb00000|  0%| F|  |TAMS 0x000000008ba00000, 0x000000008ba00000| Untracked 
|  21|0x000000008bb00000, 0x000000008bb00000, 0x000000008bc00000|  0%| F|  |TAMS 0x000000008bb00000, 0x000000008bb00000| Untracked 
|  22|0x000000008bc00000, 0x000000008bc00000, 0x000000008bd00000|  0%| F|  |TAMS 0x000000008bc00000, 0x000000008bc00000| Untracked 
|  23|0x000000008bd00000, 0x000000008bd00000, 0x000000008be00000|  0%| F|  |TAMS 0x000000008bd00000, 0x000000008bd00000| Untracked 
|  24|0x000000008be00000, 0x000000008be00000, 0x000000008bf00000|  0%| F|  |TAMS 0x000000008be00000, 0x000000008be00000| Untracked 
|  25|0x000000008bf00000, 0x000000008bf00000, 0x000000008c000000|  0%| F|  |TAMS 0x000000008bf00000, 0x000000008bf00000| Untracked 
|  26|0x000000008c000000, 0x000000008c000000, 0x000000008c100000|  0%| F|  |TAMS 0x000000008c000000, 0x000000008c000000| Untracked 
|  27|0x000000008c100000, 0x000000008c100000, 0x000000008c200000|  0%| F|  |TAMS 0x000000008c100000, 0x000000008c100000| Untracked 
|  28|0x000000008c200000, 0x000000008c200000, 0x000000008c300000|  0%| F|  |TAMS 0x000000008c200000, 0x000000008c200000| Untracked 
|  29|0x000000008c300000, 0x000000008c300000, 0x000000008c400000|  0%| F|  |TAMS 0x000000008c300000, 0x000000008c300000| Untracked 
|  30|0x000000008c400000, 0x000000008c400000, 0x000000008c500000|  0%| F|  |TAMS 0x000000008c400000, 0x000000008c400000| Untracked 
|  31|0x000000008c500000, 0x000000008c500000, 0x000000008c600000|  0%| F|  |TAMS 0x000000008c500000, 0x000000008c500000| Untracked 
|  32|0x000000008c600000, 0x000000008c600000, 0x000000008c700000|  0%| F|  |TAMS 0x000000008c600000, 0x000000008c600000| Untracked 
|  33|0x000000008c700000, 0x000000008c700000, 0x000000008c800000|  0%| F|  |TAMS 0x000000008c700000, 0x000000008c700000| Untracked 
|  34|0x000000008c800000, 0x000000008c800000, 0x000000008c900000|  0%| F|  |TAMS 0x000000008c800000, 0x000000008c800000| Untracked 
|  35|0x000000008c900000, 0x000000008c900000, 0x000000008ca00000|  0%| F|  |TAMS 0x000000008c900000, 0x000000008c900000| Untracked 
|  36|0x000000008ca00000, 0x000000008ca00000, 0x000000008cb00000|  0%| F|  |TAMS 0x000000008ca00000, 0x000000008ca00000| Untracked 
|  37|0x000000008cb00000, 0x000000008cb00000, 0x000000008cc00000|  0%| F|  |TAMS 0x000000008cb00000, 0x000000008cb00000| Untracked 
|  38|0x000000008cc00000, 0x000000008cc00000, 0x000000008cd00000|  0%| F|  |TAMS 0x000000008cc00000, 0x000000008cc00000| Untracked 
|  39|0x000000008cd00000, 0x000000008cd00000, 0x000000008ce00000|  0%| F|  |TAMS 0x000000008cd00000, 0x000000008cd00000| Untracked 
|  40|0x000000008ce00000, 0x000000008ce00000, 0x000000008cf00000|  0%| F|  |TAMS 0x000000008ce00000, 0x000000008ce00000| Untracked 
|  41|0x000000008cf00000, 0x000000008cf00000, 0x000000008d000000|  0%| F|  |TAMS 0x000000008cf00000, 0x000000008cf00000| Untracked 
|  42|0x000000008d000000, 0x000000008d000000, 0x000000008d100000|  0%| F|  |TAMS 0x000000008d000000, 0x000000008d000000| Untracked 
|  43|0x000000008d100000, 0x000000008d100000, 0x000000008d200000|  0%| F|  |TAMS 0x000000008d100000, 0x000000008d100000| Untracked 
|  44|0x000000008d200000, 0x000000008d200000, 0x000000008d300000|  0%| F|  |TAMS 0x000000008d200000, 0x000000008d200000| Untracked 
|  45|0x000000008d300000, 0x000000008d300000, 0x000000008d400000|  0%| F|  |TAMS 0x000000008d300000, 0x000000008d300000| Untracked 
|  46|0x000000008d400000, 0x000000008d400000, 0x000000008d500000|  0%| F|  |TAMS 0x000000008d400000, 0x000000008d400000| Untracked 
|  47|0x000000008d500000, 0x000000008d500000, 0x000000008d600000|  0%| F|  |TAMS 0x000000008d500000, 0x000000008d500000| Untracked 
|  48|0x000000008d600000, 0x000000008d600000, 0x000000008d700000|  0%| F|  |TAMS 0x000000008d600000, 0x000000008d600000| Untracked 
|  49|0x000000008d700000, 0x000000008d700000, 0x000000008d800000|  0%| F|  |TAMS 0x000000008d700000, 0x000000008d700000| Untracked 
|  50|0x000000008d800000, 0x000000008d800000, 0x000000008d900000|  0%| F|  |TAMS 0x000000008d800000, 0x000000008d800000| Untracked 
|  51|0x000000008d900000, 0x000000008d900000, 0x000000008da00000|  0%| F|  |TAMS 0x000000008d900000, 0x000000008d900000| Untracked 
|  52|0x000000008da00000, 0x000000008da00000, 0x000000008db00000|  0%| F|  |TAMS 0x000000008da00000, 0x000000008da00000| Untracked 
|  53|0x000000008db00000, 0x000000008db00000, 0x000000008dc00000|  0%| F|  |TAMS 0x000000008db00000, 0x000000008db00000| Untracked 
|  54|0x000000008dc00000, 0x000000008dc00000, 0x000000008dd00000|  0%| F|  |TAMS 0x000000008dc00000, 0x000000008dc00000| Untracked 
|  55|0x000000008dd00000, 0x000000008dd00000, 0x000000008de00000|  0%| F|  |TAMS 0x000000008dd00000, 0x000000008dd00000| Untracked 
|  56|0x000000008de00000, 0x000000008de00000, 0x000000008df00000|  0%| F|  |TAMS 0x000000008de00000, 0x000000008de00000| Untracked 
|  57|0x000000008df00000, 0x000000008df00000, 0x000000008e000000|  0%| F|  |TAMS 0x000000008df00000, 0x000000008df00000| Untracked 
|  58|0x000000008e000000, 0x000000008e000000, 0x000000008e100000|  0%| F|  |TAMS 0x000000008e000000, 0x000000008e000000| Untracked 
|  59|0x000000008e100000, 0x000000008e100000, 0x000000008e200000|  0%| F|  |TAMS 0x000000008e100000, 0x000000008e100000| Untracked 
|  60|0x000000008e200000, 0x000000008e200000, 0x000000008e300000|  0%| F|  |TAMS 0x000000008e200000, 0x000000008e200000| Untracked 
|  61|0x000000008e300000, 0x000000008e300000, 0x000000008e400000|  0%| F|  |TAMS 0x000000008e300000, 0x000000008e300000| Untracked 
|  62|0x000000008e400000, 0x000000008e400000, 0x000000008e500000|  0%| F|  |TAMS 0x000000008e400000, 0x000000008e400000| Untracked 
|  63|0x000000008e500000, 0x000000008e500000, 0x000000008e600000|  0%| F|  |TAMS 0x000000008e500000, 0x000000008e500000| Untracked 
|  64|0x000000008e600000, 0x000000008e600000, 0x000000008e700000|  0%| F|  |TAMS 0x000000008e600000, 0x000000008e600000| Untracked 
|  65|0x000000008e700000, 0x000000008e700000, 0x000000008e800000|  0%| F|  |TAMS 0x000000008e700000, 0x000000008e700000| Untracked 
|  66|0x000000008e800000, 0x000000008e800000, 0x000000008e900000|  0%| F|  |TAMS 0x000000008e800000, 0x000000008e800000| Untracked 
|  67|0x000000008e900000, 0x000000008e900000, 0x000000008ea00000|  0%| F|  |TAMS 0x000000008e900000, 0x000000008e900000| Untracked 
|  68|0x000000008ea00000, 0x000000008ea00000, 0x000000008eb00000|  0%| F|  |TAMS 0x000000008ea00000, 0x000000008ea00000| Untracked 
|  69|0x000000008eb00000, 0x000000008eb00000, 0x000000008ec00000|  0%| F|  |TAMS 0x000000008eb00000, 0x000000008eb00000| Untracked 
|  70|0x000000008ec00000, 0x000000008ec00000, 0x000000008ed00000|  0%| F|  |TAMS 0x000000008ec00000, 0x000000008ec00000| Untracked 
|  71|0x000000008ed00000, 0x000000008ed00000, 0x000000008ee00000|  0%| F|  |TAMS 0x000000008ed00000, 0x000000008ed00000| Untracked 
|  72|0x000000008ee00000, 0x000000008ee00000, 0x000000008ef00000|  0%| F|  |TAMS 0x000000008ee00000, 0x000000008ee00000| Untracked 
|  73|0x000000008ef00000, 0x000000008ef00000, 0x000000008f000000|  0%| F|  |TAMS 0x000000008ef00000, 0x000000008ef00000| Untracked 
|  74|0x000000008f000000, 0x000000008f000000, 0x000000008f100000|  0%| F|  |TAMS 0x000000008f000000, 0x000000008f000000| Untracked 
|  75|0x000000008f100000, 0x000000008f100000, 0x000000008f200000|  0%| F|  |TAMS 0x000000008f100000, 0x000000008f100000| Untracked 
|  76|0x000000008f200000, 0x000000008f200000, 0x000000008f300000|  0%| F|  |TAMS 0x000000008f200000, 0x000000008f200000| Untracked 
|  77|0x000000008f300000, 0x000000008f300000, 0x000000008f400000|  0%| F|  |TAMS 0x000000008f300000, 0x000000008f300000| Untracked 
|  78|0x000000008f400000, 0x000000008f400000, 0x000000008f500000|  0%| F|  |TAMS 0x000000008f400000, 0x000000008f400000| Untracked 
|  79|0x000000008f500000, 0x000000008f500000, 0x000000008f600000|  0%| F|  |TAMS 0x000000008f500000, 0x000000008f500000| Untracked 
|  80|0x000000008f600000, 0x000000008f600000, 0x000000008f700000|  0%| F|  |TAMS 0x000000008f600000, 0x000000008f600000| Untracked 
|  81|0x000000008f700000, 0x000000008f700000, 0x000000008f800000|  0%| F|  |TAMS 0x000000008f700000, 0x000000008f700000| Untracked 
|  82|0x000000008f800000, 0x000000008f800000, 0x000000008f900000|  0%| F|  |TAMS 0x000000008f800000, 0x000000008f800000| Untracked 
|  83|0x000000008f900000, 0x000000008f900000, 0x000000008fa00000|  0%| F|  |TAMS 0x000000008f900000, 0x000000008f900000| Untracked 
|  84|0x000000008fa00000, 0x000000008fa00000, 0x000000008fb00000|  0%| F|  |TAMS 0x000000008fa00000, 0x000000008fa00000| Untracked 
|  85|0x000000008fb00000, 0x000000008fb00000, 0x000000008fc00000|  0%| F|  |TAMS 0x000000008fb00000, 0x000000008fb00000| Untracked 
|  86|0x000000008fc00000, 0x000000008fc00000, 0x000000008fd00000|  0%| F|  |TAMS 0x000000008fc00000, 0x000000008fc00000| Untracked 
|  87|0x000000008fd00000, 0x000000008fd00000, 0x000000008fe00000|  0%| F|  |TAMS 0x000000008fd00000, 0x000000008fd00000| Untracked 
|  88|0x000000008fe00000, 0x000000008fe00000, 0x000000008ff00000|  0%| F|  |TAMS 0x000000008fe00000, 0x000000008fe00000| Untracked 
|  89|0x000000008ff00000, 0x000000008ff00000, 0x0000000090000000|  0%| F|  |TAMS 0x000000008ff00000, 0x000000008ff00000| Untracked 
|  90|0x0000000090000000, 0x0000000090000000, 0x0000000090100000|  0%| F|  |TAMS 0x0000000090000000, 0x0000000090000000| Untracked 
|  91|0x0000000090100000, 0x0000000090100000, 0x0000000090200000|  0%| F|  |TAMS 0x0000000090100000, 0x0000000090100000| Untracked 
|  92|0x0000000090200000, 0x0000000090200000, 0x0000000090300000|  0%| F|  |TAMS 0x0000000090200000, 0x0000000090200000| Untracked 
|  93|0x0000000090300000, 0x0000000090300000, 0x0000000090400000|  0%| F|  |TAMS 0x0000000090300000, 0x0000000090300000| Untracked 
|  94|0x0000000090400000, 0x0000000090400000, 0x0000000090500000|  0%| F|  |TAMS 0x0000000090400000, 0x0000000090400000| Untracked 
|  95|0x0000000090500000, 0x0000000090500000, 0x0000000090600000|  0%| F|  |TAMS 0x0000000090500000, 0x0000000090500000| Untracked 
|  96|0x0000000090600000, 0x0000000090600000, 0x0000000090700000|  0%| F|  |TAMS 0x0000000090600000, 0x0000000090600000| Untracked 
|  97|0x0000000090700000, 0x0000000090700000, 0x0000000090800000|  0%| F|  |TAMS 0x0000000090700000, 0x0000000090700000| Untracked 
|  98|0x0000000090800000, 0x0000000090800000, 0x0000000090900000|  0%| F|  |TAMS 0x0000000090800000, 0x0000000090800000| Untracked 
|  99|0x0000000090900000, 0x0000000090900000, 0x0000000090a00000|  0%| F|  |TAMS 0x0000000090900000, 0x0000000090900000| Untracked 
| 100|0x0000000090a00000, 0x0000000090a00000, 0x0000000090b00000|  0%| F|  |TAMS 0x0000000090a00000, 0x0000000090a00000| Untracked 
| 101|0x0000000090b00000, 0x0000000090b00000, 0x0000000090c00000|  0%| F|  |TAMS 0x0000000090b00000, 0x0000000090b00000| Untracked 
| 102|0x0000000090c00000, 0x0000000090cec0c0, 0x0000000090d00000| 92%| E|  |TAMS 0x0000000090c00000, 0x0000000090c00000| Complete 
| 103|0x0000000090d00000, 0x0000000090e00000, 0x0000000090e00000|100%| E|CS|TAMS 0x0000000090d00000, 0x0000000090d00000| Complete 
| 104|0x0000000090e00000, 0x0000000090f00000, 0x0000000090f00000|100%| E|CS|TAMS 0x0000000090e00000, 0x0000000090e00000| Complete 
| 105|0x0000000090f00000, 0x0000000091000000, 0x0000000091000000|100%| E|CS|TAMS 0x0000000090f00000, 0x0000000090f00000| Complete 
| 106|0x0000000091000000, 0x0000000091100000, 0x0000000091100000|100%| E|CS|TAMS 0x0000000091000000, 0x0000000091000000| Complete 
| 107|0x0000000091100000, 0x0000000091200000, 0x0000000091200000|100%| E|CS|TAMS 0x0000000091100000, 0x0000000091100000| Complete 
| 108|0x0000000091200000, 0x0000000091300000, 0x0000000091300000|100%| E|CS|TAMS 0x0000000091200000, 0x0000000091200000| Complete 
| 109|0x0000000091300000, 0x0000000091400000, 0x0000000091400000|100%| E|CS|TAMS 0x0000000091300000, 0x0000000091300000| Complete 
| 110|0x0000000091400000, 0x0000000091500000, 0x0000000091500000|100%| E|CS|TAMS 0x0000000091400000, 0x0000000091400000| Complete 
| 111|0x0000000091500000, 0x0000000091600000, 0x0000000091600000|100%| E|CS|TAMS 0x0000000091500000, 0x0000000091500000| Complete 
| 112|0x0000000091600000, 0x0000000091700000, 0x0000000091700000|100%| E|CS|TAMS 0x0000000091600000, 0x0000000091600000| Complete 
| 113|0x0000000091700000, 0x0000000091800000, 0x0000000091800000|100%| E|CS|TAMS 0x0000000091700000, 0x0000000091700000| Complete 
| 114|0x0000000091800000, 0x0000000091900000, 0x0000000091900000|100%| E|CS|TAMS 0x0000000091800000, 0x0000000091800000| Complete 
| 115|0x0000000091900000, 0x0000000091a00000, 0x0000000091a00000|100%| E|CS|TAMS 0x0000000091900000, 0x0000000091900000| Complete 
| 116|0x0000000091a00000, 0x0000000091b00000, 0x0000000091b00000|100%| E|CS|TAMS 0x0000000091a00000, 0x0000000091a00000| Complete 
| 117|0x0000000091b00000, 0x0000000091c00000, 0x0000000091c00000|100%| E|CS|TAMS 0x0000000091b00000, 0x0000000091b00000| Complete 

Card table byte_map: [0x000001f4ce940000,0x000001f4cecf0000] _byte_map_base: 0x000001f4ce4ed000

Marking Bits (Prev, Next): (CMBitMap*) 0x000001f4b775af20, (CMBitMap*) 0x000001f4b775af60
 Prev Bits: [0x000001f4cf0a0000, 0x000001f4d0e08000)
 Next Bits: [0x000001f4d0e10000, 0x000001f4d2b78000)

Polling page: 0x000001f4b56c0000

Metaspace:

Usage:
  Non-class:      6.86 MB used.
      Class:    855.91 KB used.
       Both:      7.70 MB used.

Virtual space:
  Non-class space:       64.00 MB reserved,       6.94 MB ( 11%) committed,  1 nodes.
      Class space:        1.00 GB reserved,     960.00 KB ( <1%) committed,  1 nodes.
             Both:        1.06 GB reserved,       7.88 MB ( <1%) committed. 

Chunk freelists:
   Non-Class:  1.00 MB
       Class:  3.12 MB
        Both:  4.12 MB

MaxMetaspaceSize: unlimited
CompressedClassSpaceSize: 1.00 GB
Initial GC threshold: 21.00 MB
Current GC threshold: 21.00 MB
CDS: on
MetaspaceReclaimPolicy: balanced
 - commit_granule_bytes: 65536.
 - commit_granule_words: 8192.
 - virtual_space_node_default_size: 8388608.
 - enlarge_chunks_in_place: 1.
 - new_chunks_are_fully_committed: 0.
 - uncommit_free_chunks: 1.
 - use_allocation_guard: 0.


Internal statistics:

num_allocs_failed_limit: 0.
num_arena_births: 114.
num_arena_deaths: 0.
num_vsnodes_births: 2.
num_vsnodes_deaths: 0.
num_space_committed: 126.
num_space_uncommitted: 0.
num_chunks_returned_to_freelist: 0.
num_chunks_taken_from_freelist: 132.
num_chunk_merges: 0.
num_chunk_splits: 88.
num_chunks_enlarged: 55.
num_inconsistent_stats: 0.

CodeHeap 'non-profiled nmethods': size=120000Kb used=325Kb max_used=325Kb free=119674Kb
 bounds [0x000001f4c6b00000, 0x000001f4c6d70000, 0x000001f4ce030000]
CodeHeap 'profiled nmethods': size=120000Kb used=1961Kb max_used=1961Kb free=118039Kb
 bounds [0x000001f4bf5d0000, 0x000001f4bf840000, 0x000001f4c6b00000]
CodeHeap 'non-nmethods': size=5760Kb used=1283Kb max_used=1298Kb free=4476Kb
 bounds [0x000001f4bf030000, 0x000001f4bf2a0000, 0x000001f4bf5d0000]
 total_blobs=1812 nmethods=1212 adapters=513
 compilation: enabled
              stopped_count=0, restarted_count=0
 full_count=0

Compilation events (20 events):
Event: 1.458 Thread 0x000001f4d579e890 nmethod 1203 0x000001f4bf7b3e10 code [0x000001f4bf7b3fa0, 0x000001f4bf7b40e8]
Event: 1.460 Thread 0x000001f4d579e890 1204   !   3       java.awt.Container::dispatchEventImpl (129 bytes)
Event: 1.460 Thread 0x000001f4d579e890 nmethod 1204 0x000001f4bf7b4190 code [0x000001f4bf7b43c0, 0x000001f4bf7b4cf8]
Event: 1.465 Thread 0x000001f4d579e890 1205       3       java.awt.event.MouseEvent::<init> (211 bytes)
Event: 1.466 Thread 0x000001f4d579e890 nmethod 1205 0x000001f4bf7b5010 code [0x000001f4bf7b5300, 0x000001f4bf7b65f8]
Event: 1.466 Thread 0x000001f4d579e890 1206       3       java.awt.event.InputEvent::<init> (26 bytes)
Event: 1.466 Thread 0x000001f4d579e890 nmethod 1206 0x000001f4bf7b6c10 code [0x000001f4bf7b6dc0, 0x000001f4bf7b6fb8]
Event: 1.466 Thread 0x000001f4d579e890 1207   !   3       java.awt.event.InputEvent::canAccessSystemClipboard (57 bytes)
Event: 1.466 Thread 0x000001f4d579e890 nmethod 1207 0x000001f4bf7b7110 code [0x000001f4bf7b7340, 0x000001f4bf7b7b78]
Event: 1.467 Thread 0x000001f4d578ed70 1208       4       java.util.ArrayList::get (15 bytes)
Event: 1.467 Thread 0x000001f4d578ed70 nmethod 1208 0x000001f4c6b51390 code [0x000001f4c6b51500, 0x000001f4c6b515f8]
Event: 1.470 Thread 0x000001f4d579e890 1209       3       java.awt.EventQueue::setCurrentEventAndMostRecentTime (8 bytes)
Event: 1.470 Thread 0x000001f4d579e890 nmethod 1209 0x000001f4bf7b7e90 code [0x000001f4bf7b8080, 0x000001f4bf7b8538]
Event: 1.472 Thread 0x000001f4d579e890 1210       3       sun.awt.windows.WComponentPeer::postEvent (17 bytes)
Event: 1.472 Thread 0x000001f4d579e890 nmethod 1210 0x000001f4bf7b8710 code [0x000001f4bf7b8900, 0x000001f4bf7b8f58]
Event: 1.472 Thread 0x000001f4d579e890 1211       3       sun.awt.windows.WWindowPeer::preprocessPostEvent (72 bytes)
Event: 1.472 Thread 0x000001f4d579e890 nmethod 1211 0x000001f4bf7b9190 code [0x000001f4bf7b9380, 0x000001f4bf7b9ad8]
Event: 1.473 Thread 0x000001f4d579e890 1212       3       java.awt.EventQueue::coalesceMouseEvent (44 bytes)
Event: 1.473 Thread 0x000001f4d579e890 nmethod 1212 0x000001f4bf7b9c10 code [0x000001f4bf7b9de0, 0x000001f4bf7ba268]
Event: 1.473 Thread 0x000001f4d579e890 1213   !   3       java.awt.DefaultKeyboardFocusManager::dispatchEvent (1621 bytes)

GC Heap History (0 events):
No events

Deoptimization events (20 events):
Event: 0.246 Thread 0x000001f4b76ff1a0 Uncommon trap: trap_request=0xffffff45 fr.pc=0x000001f4c6b27d70 relative=0x00000000000004b0
Event: 0.246 Thread 0x000001f4b76ff1a0 Uncommon trap: reason=unstable_if action=reinterpret pc=0x000001f4c6b27d70 method=java.lang.StringLatin1.replace([BCC)Ljava/lang/String; @ 19 c2
Event: 0.246 Thread 0x000001f4b76ff1a0 DEOPT PACKING pc=0x000001f4c6b27d70 sp=0x000000aa11efe5a0
Event: 0.246 Thread 0x000001f4b76ff1a0 DEOPT UNPACKING pc=0x000001f4bf0823a3 sp=0x000000aa11efe520 mode 2
Event: 0.317 Thread 0x000001f4dc8dc100 Uncommon trap: trap_request=0xffffff45 fr.pc=0x000001f4c6b2e448 relative=0x0000000000000488
Event: 0.317 Thread 0x000001f4dc8dc100 Uncommon trap: reason=unstable_if action=reinterpret pc=0x000001f4c6b2e448 method=java.lang.StringLatin1.toLowerCase(Ljava/lang/String;[BLjava/util/Locale;)Ljava/lang/String; @ 43 c2
Event: 0.317 Thread 0x000001f4dc8dc100 DEOPT PACKING pc=0x000001f4c6b2e448 sp=0x000000aa13efd520
Event: 0.317 Thread 0x000001f4dc8dc100 DEOPT UNPACKING pc=0x000001f4bf0823a3 sp=0x000000aa13efd490 mode 2
Event: 0.406 Thread 0x000001f4dc8dc100 DEOPT PACKING pc=0x000001f4bf5ea667 sp=0x000000aa13efcb50
Event: 0.406 Thread 0x000001f4dc8dc100 DEOPT UNPACKING pc=0x000001f4bf082b43 sp=0x000000aa13efbf70 mode 0
Event: 0.450 Thread 0x000001f4dc8dc100 Uncommon trap: trap_request=0xffffff45 fr.pc=0x000001f4c6b09b34 relative=0x0000000000000094
Event: 0.450 Thread 0x000001f4dc8dc100 Uncommon trap: reason=unstable_if action=reinterpret pc=0x000001f4c6b09b34 method=java.lang.String.isLatin1()Z @ 10 c2
Event: 0.450 Thread 0x000001f4dc8dc100 DEOPT PACKING pc=0x000001f4c6b09b34 sp=0x000000aa13efd320
Event: 0.450 Thread 0x000001f4dc8dc100 DEOPT UNPACKING pc=0x000001f4bf0823a3 sp=0x000000aa13efd250 mode 2
Event: 0.454 Thread 0x000001f4dc8dc100 DEOPT PACKING pc=0x000001f4bf5d8c51 sp=0x000000aa13efcf70
Event: 0.454 Thread 0x000001f4dc8dc100 DEOPT UNPACKING pc=0x000001f4bf082b43 sp=0x000000aa13efc3e8 mode 0
Event: 0.471 Thread 0x000001f4dc8dc100 Uncommon trap: trap_request=0xffffff45 fr.pc=0x000001f4c6b3e934 relative=0x0000000000000374
Event: 0.471 Thread 0x000001f4dc8dc100 Uncommon trap: reason=unstable_if action=reinterpret pc=0x000001f4c6b3e934 method=java.lang.Character.isSurrogate(C)Z @ 3 c2
Event: 0.471 Thread 0x000001f4dc8dc100 DEOPT PACKING pc=0x000001f4c6b3e934 sp=0x000000aa13efd000
Event: 0.471 Thread 0x000001f4dc8dc100 DEOPT UNPACKING pc=0x000001f4bf0823a3 sp=0x000000aa13efcf18 mode 2

Classes loaded (20 events):
Event: 0.556 Loading class java/util/concurrent/BlockingQueue done
Event: 0.557 Loading class java/util/concurrent/DelayQueue done
Event: 0.557 Loading class java/util/PriorityQueue
Event: 0.557 Loading class java/util/PriorityQueue done
Event: 0.558 Loading class java/lang/InterruptedException
Event: 0.558 Loading class java/lang/InterruptedException done
Event: 0.558 Loading class java/lang/Throwable$WrappedPrintStream
Event: 0.558 Loading class java/lang/Throwable$PrintStreamOrWriter
Event: 0.558 Loading class java/lang/Throwable$PrintStreamOrWriter done
Event: 0.558 Loading class java/lang/Throwable$WrappedPrintStream done
Event: 0.559 Loading class java/lang/StackTraceElement$HashedModules
Event: 0.559 Loading class java/lang/StackTraceElement$HashedModules done
Event: 0.562 Loading class java/util/concurrent/locks/AbstractQueuedSynchronizer$ConditionNode
Event: 0.562 Loading class java/util/concurrent/ForkJoinPool$ManagedBlocker
Event: 0.562 Loading class java/util/concurrent/ForkJoinPool$ManagedBlocker done
Event: 0.562 Loading class java/util/concurrent/locks/AbstractQueuedSynchronizer$Node
Event: 0.562 Loading class java/util/concurrent/locks/AbstractQueuedSynchronizer$Node done
Event: 0.562 Loading class java/util/concurrent/locks/AbstractQueuedSynchronizer$ConditionNode done
Event: 0.864 Loading class java/util/concurrent/locks/AbstractQueuedSynchronizer$ExclusiveNode
Event: 0.864 Loading class java/util/concurrent/locks/AbstractQueuedSynchronizer$ExclusiveNode done

Classes unloaded (0 events):
No events

Classes redefined (0 events):
No events

Internal exceptions (18 events):
Event: 0.045 Thread 0x000001f4b76ff1a0 Exception <a 'sun/nio/fs/WindowsException'{0x0000000091a356f0}> (0x0000000091a356f0) 
thrown [s\open\src\hotspot\share\prims\jni.cpp, line 516]
Event: 0.045 Thread 0x000001f4b76ff1a0 Exception <a 'sun/nio/fs/WindowsException'{0x0000000091a35c50}> (0x0000000091a35c50) 
thrown [s\open\src\hotspot\share\prims\jni.cpp, line 516]
Event: 0.046 Thread 0x000001f4b76ff1a0 Exception <a 'sun/nio/fs/WindowsException'{0x0000000091a38020}> (0x0000000091a38020) 
thrown [s\open\src\hotspot\share\prims\jni.cpp, line 516]
Event: 0.046 Thread 0x000001f4b76ff1a0 Exception <a 'sun/nio/fs/WindowsException'{0x0000000091a38b10}> (0x0000000091a38b10) 
thrown [s\open\src\hotspot\share\prims\jni.cpp, line 516]
Event: 0.065 Thread 0x000001f4b76ff1a0 Exception <a 'java/lang/ClassNotFoundException'{0x0000000091ad6308}: sun/awt/resources/spi/awtProvider> (0x0000000091ad6308) 
thrown [s\open\src\hotspot\share\classfile\systemDictionary.cpp, line 255]
Event: 0.078 Thread 0x000001f4b76ff1a0 Exception <a 'java/io/FileNotFoundException'{0x000000009192a1f0}> (0x000000009192a1f0) 
thrown [s\open\src\hotspot\share\prims\jni.cpp, line 516]
Event: 0.083 Thread 0x000001f4b76ff1a0 Exception <a 'java/io/FileNotFoundException'{0x0000000091957218}> (0x0000000091957218) 
thrown [s\open\src\hotspot\share\prims\jni.cpp, line 516]
Event: 0.107 Thread 0x000001f4b76ff1a0 Exception <a 'java/lang/NoSuchMethodError'{0x000000009199bbf0}: 'java.lang.Object java.lang.invoke.DirectMethodHandle$Holder.invokeStaticInit(java.lang.Object)'> (0x000000009199bbf0) 
thrown [s\open\src\hotspot\share\interpreter\linkResolver.cpp, line 759]
Event: 0.165 Thread 0x000001f4b76ff1a0 Exception <a 'java/lang/NoSuchMethodError'{0x00000000919e5fb0}: 'void java.lang.invoke.DirectMethodHandle$Holder.invokeSpecial(java.lang.Object, java.lang.Object, java.lang.Object)'> (0x00000000919e5fb0) 
thrown [s\open\src\hotspot\share\interpreter\linkResolver.cpp, line 759]
Event: 0.170 Thread 0x000001f4b76ff1a0 Exception <a 'java/lang/NoSuchMethodError'{0x0000000091825ed8}: 'java.lang.Object java.lang.invoke.DirectMethodHandle$Holder.newInvokeSpecial(java.lang.Object, java.lang.Object, java.lang.Object, java.lang.Object, java.lang.Object)'> (0x0000000091825ed8) 
thrown [s\open\src\hotspot\share\interpreter\linkResolver.cpp, line 759]
Event: 0.174 Thread 0x000001f4b76ff1a0 Exception <a 'java/lang/NoSuchMethodError'{0x00000000918579e8}: 'java.lang.Object java.lang.invoke.DirectMethodHandle$Holder.invokeStatic(java.lang.Object, int, java.lang.Object)'> (0x00000000918579e8) 
thrown [s\open\src\hotspot\share\interpreter\linkResolver.cpp, line 759]
Event: 0.189 Thread 0x000001f4b76ff1a0 Exception <a 'java/lang/ClassNotFoundException'{0x0000000091714eb0}: com/sun/swing/internal/plaf/metal/resources/spi/metalProvider> (0x0000000091714eb0) 
thrown [s\open\src\hotspot\share\classfile\systemDictionary.cpp, line 255]
Event: 0.190 Thread 0x000001f4b76ff1a0 Exception <a 'java/lang/ClassNotFoundException'{0x0000000091718ee8}: com/sun/swing/internal/plaf/basic/resources/spi/basicProvider> (0x0000000091718ee8) 
thrown [s\open\src\hotspot\share\classfile\systemDictionary.cpp, line 255]
Event: 0.196 Thread 0x000001f4b76ff1a0 Exception <a 'java/lang/NoSuchMethodError'{0x00000000917392e0}: 'int java.lang.invoke.Invokers$Holder.invokeExact_MT(java.lang.Object, java.lang.Object)'> (0x00000000917392e0) 
thrown [s\open\src\hotspot\share\interpreter\linkResolver.cpp, line 759]
Event: 0.217 Thread 0x000001f4d9ede420 Exception <a 'java/lang/NoSuchMethodError'{0x00000000919fc5e8}: 'void java.lang.invoke.DirectMethodHandle$Holder.invokeVirtual(java.lang.Object, java.lang.Object)'> (0x00000000919fc5e8) 
thrown [s\open\src\hotspot\share\interpreter\linkResolver.cpp, line 759]
Event: 0.227 Thread 0x000001f4b76ff1a0 Exception <a 'java/lang/NoSuchMethodError'{0x0000000091615170}: 'void java.lang.invoke.DirectMethodHandle$Holder.invokeStaticInit(java.lang.Object)'> (0x0000000091615170) 
thrown [s\open\src\hotspot\share\interpreter\linkResolver.cpp, line 759]
Event: 0.233 Thread 0x000001f4b76ff1a0 Exception <a 'java/io/FileNotFoundException'{0x0000000091621b18}> (0x0000000091621b18) 
thrown [s\open\src\hotspot\share\prims\jni.cpp, line 516]
Event: 0.558 Thread 0x000001f4dc8dc100 Exception <a 'java/lang/OutOfMemoryError'{0x0000000090dbaad0}: unable to create native thread: possibly out of memory or process/resource limits reached> (0x0000000090dbaad0) 
thrown [s\open\src\hotspot\share\prims\jvm.cpp, line 2936]

VM Operations (12 events):
Event: 0.047 Executing VM operation: HandshakeAllThreads
Event: 0.047 Executing VM operation: HandshakeAllThreads done
Event: 0.208 Executing VM operation: HandshakeAllThreads
Event: 0.208 Executing VM operation: HandshakeAllThreads done
Event: 0.504 Executing VM operation: HandshakeAllThreads
Event: 0.504 Executing VM operation: HandshakeAllThreads done
Event: 0.504 Executing VM operation: HandshakeAllThreads
Event: 0.504 Executing VM operation: HandshakeAllThreads done
Event: 0.543 Executing VM operation: HandshakeAllThreads
Event: 0.543 Executing VM operation: HandshakeAllThreads done
Event: 1.227 Executing VM operation: ICBufferFull
Event: 1.227 Executing VM operation: ICBufferFull done

Events (20 events):
Event: 0.021 Thread 0x000001f4d578b2e0 Thread added: 0x000001f4d578b2e0
Event: 0.021 Thread 0x000001f4d578bc80 Thread added: 0x000001f4d578bc80
Event: 0.021 Thread 0x000001f4d578ed70 Thread added: 0x000001f4d578ed70
Event: 0.021 Thread 0x000001f4d579e890 Thread added: 0x000001f4d579e890
Event: 0.021 Thread 0x000001f4d579ee80 Thread added: 0x000001f4d579ee80
Event: 0.034 Thread 0x000001f4d575b230 Thread added: 0x000001f4d575b230
Event: 0.043 Loaded shared library C:\Program Files\Java\jdk-18.0.2\bin\net.dll
Event: 0.044 Loaded shared library C:\Program Files\Java\jdk-18.0.2\bin\nio.dll
Event: 0.054 Thread 0x000001f4d9d19570 Thread added: 0x000001f4d9d19570
Event: 0.062 Loaded shared library C:\Program Files\Java\jdk-18.0.2\bin\jimage.dll
Event: 0.072 Loaded shared library C:\Program Files\Java\jdk-18.0.2\bin\awt.dll
Event: 0.107 Thread 0x000001f4d9ed3af0 Thread added: 0x000001f4d9ed3af0
Event: 0.108 Thread 0x000001f4d9ed7080 Thread added: 0x000001f4d9ed7080
Event: 0.108 Thread 0x000001f4d9ede420 Thread added: 0x000001f4d9ede420
Event: 0.217 Thread 0x000001f4dc8dc100 Thread added: 0x000001f4dc8dc100
Event: 0.230 Loaded shared library C:\Program Files\Java\jdk-18.0.2\bin\freetype.dll
Event: 0.231 Loaded shared library C:\Program Files\Java\jdk-18.0.2\bin\fontmanager.dll
Event: 0.271 Thread 0x000001f4dc94e3a0 Thread added: 0x000001f4dc94e3a0
Event: 0.271 Thread 0x000001f4b76ff1a0 Thread exited: 0x000001f4b76ff1a0
Event: 0.271 Thread 0x000001f4b76ff1a0 Thread added: 0x000001f4b76ff1a0


Dynamic libraries:
0x00007ff6bff20000 - 0x00007ff6bff30000 	C:\Program Files\Java\jdk-18.0.2\bin\java.exe
0x00007ffae2f10000 - 0x00007ffae3124000 	C:\WINDOWS\SYSTEM32\ntdll.dll
0x00007ffae1a40000 - 0x00007ffae1b03000 	C:\WINDOWS\System32\KERNEL32.DLL
0x00007ffae0650000 - 0x00007ffae09ec000 	C:\WINDOWS\System32\KERNELBASE.dll
0x00007ffae09f0000 - 0x00007ffae0b01000 	C:\WINDOWS\System32\ucrtbase.dll
0x00007ffabb1f0000 - 0x00007ffabb208000 	C:\Program Files\Java\jdk-18.0.2\bin\jli.dll
0x00007ffac4a60000 - 0x00007ffac4a7a000 	C:\Program Files\Java\jdk-18.0.2\bin\VCRUNTIME140.dll
0x00007ffae13f0000 - 0x00007ffae149e000 	C:\WINDOWS\System32\ADVAPI32.dll
0x00007ffae0e80000 - 0x00007ffae0f27000 	C:\WINDOWS\System32\msvcrt.dll
0x00007ffae16d0000 - 0x00007ffae1774000 	C:\WINDOWS\System32\sechost.dll
0x00007ffae1c30000 - 0x00007ffae1d45000 	C:\WINDOWS\System32\RPCRT4.dll
0x00007ffae14a0000 - 0x00007ffae164d000 	C:\WINDOWS\System32\USER32.dll
0x00007ffae0bd0000 - 0x00007ffae0bf6000 	C:\WINDOWS\System32\win32u.dll
0x00007ffae1340000 - 0x00007ffae1369000 	C:\WINDOWS\System32\GDI32.dll
0x00007ffac78d0000 - 0x00007ffac7b5e000 	C:\WINDOWS\WinSxS\amd64_microsoft.windows.common-controls_6595b64144ccf1df_6.0.22621.608_none_a9444ca7c10bb01d\COMCTL32.dll
0x00007ffae0c00000 - 0x00007ffae0d13000 	C:\WINDOWS\System32\gdi32full.dll
0x00007ffae0350000 - 0x00007ffae03ea000 	C:\WINDOWS\System32\msvcp_win.dll
0x00007ffad8960000 - 0x00007ffad896a000 	C:\WINDOWS\SYSTEM32\VERSION.dll
0x00007ffae2840000 - 0x00007ffae2871000 	C:\WINDOWS\System32\IMM32.DLL
0x00007ffadab60000 - 0x00007ffadab6c000 	C:\Program Files\Java\jdk-18.0.2\bin\vcruntime140_1.dll
0x00007ffa87eb0000 - 0x00007ffa87f3d000 	C:\Program Files\Java\jdk-18.0.2\bin\msvcp140.dll
0x00007ffa74d00000 - 0x00007ffa75911000 	C:\Program Files\Java\jdk-18.0.2\bin\server\jvm.dll
0x00007ffae1810000 - 0x00007ffae1818000 	C:\WINDOWS\System32\PSAPI.DLL
0x00007ffadb580000 - 0x00007ffadb589000 	C:\WINDOWS\SYSTEM32\WSOCK32.dll
0x00007ffad9070000 - 0x00007ffad90a4000 	C:\WINDOWS\SYSTEM32\WINMM.dll
0x00007ffae1650000 - 0x00007ffae16c1000 	C:\WINDOWS\System32\WS2_32.dll
0x00007ffadf3a0000 - 0x00007ffadf3b8000 	C:\WINDOWS\SYSTEM32\kernel.appcore.dll
0x00007ffad0c80000 - 0x00007ffad0c8a000 	C:\Program Files\Java\jdk-18.0.2\bin\jimage.dll
0x00007ffaceae0000 - 0x00007ffaced0e000 	C:\WINDOWS\SYSTEM32\DBGHELP.DLL
0x00007ffae0f60000 - 0x00007ffae12e9000 	C:\WINDOWS\System32\combase.dll
0x00007ffae1d50000 - 0x00007ffae1e27000 	C:\WINDOWS\System32\OLEAUT32.dll
0x00007ffac14b0000 - 0x00007ffac14e2000 	C:\WINDOWS\SYSTEM32\dbgcore.DLL
0x00007ffae03f0000 - 0x00007ffae046b000 	C:\WINDOWS\System32\bcryptPrimitives.dll
0x00007ffac49f0000 - 0x00007ffac4a15000 	C:\Program Files\Java\jdk-18.0.2\bin\java.dll
0x00007ffac03c0000 - 0x00007ffac0496000 	C:\Program Files\Java\jdk-18.0.2\bin\jsvml.dll
0x00007ffae1f30000 - 0x00007ffae2720000 	C:\WINDOWS\System32\SHELL32.dll
0x00007ffade360000 - 0x00007ffadec2e000 	C:\WINDOWS\SYSTEM32\windows.storage.dll
0x00007ffade220000 - 0x00007ffade35e000 	C:\WINDOWS\SYSTEM32\wintypes.dll
0x00007ffae1e30000 - 0x00007ffae1f21000 	C:\WINDOWS\System32\SHCORE.dll
0x00007ffae19e0000 - 0x00007ffae1a3e000 	C:\WINDOWS\System32\shlwapi.dll
0x00007ffae0280000 - 0x00007ffae02a1000 	C:\WINDOWS\SYSTEM32\profapi.dll
0x00007ffac49d0000 - 0x00007ffac49e3000 	C:\Program Files\Java\jdk-18.0.2\bin\net.dll
0x00007ffad8e30000 - 0x00007ffad8f5f000 	C:\WINDOWS\SYSTEM32\WINHTTP.dll
0x00007ffadf810000 - 0x00007ffadf879000 	C:\WINDOWS\system32\mswsock.dll
0x00007ffac49b0000 - 0x00007ffac49c6000 	C:\Program Files\Java\jdk-18.0.2\bin\nio.dll
0x00007ffa8a460000 - 0x00007ffa8a5ef000 	C:\Program Files\Java\jdk-18.0.2\bin\awt.dll
0x00007ffadd7a0000 - 0x00007ffadd837000 	C:\WINDOWS\SYSTEM32\apphelp.dll
0x00007ffaddbc0000 - 0x00007ffaddbeb000 	C:\WINDOWS\system32\DWMAPI.DLL
0x00007ffadd940000 - 0x00007ffadd9eb000 	C:\WINDOWS\system32\uxtheme.dll
0x00007ffa84c30000 - 0x00007ffa84d30000 	C:\WINDOWS\system32\opengl32.dll
0x00007ffac4960000 - 0x00007ffac498d000 	C:\WINDOWS\SYSTEM32\GLU32.dll
0x00007ffadda70000 - 0x00007ffaddaa6000 	C:\WINDOWS\SYSTEM32\dxcore.dll
0x00007ffae2720000 - 0x00007ffae283e000 	C:\WINDOWS\System32\MSCTF.dll
0x00007ffae2880000 - 0x00007ffae2a1c000 	C:\WINDOWS\System32\ole32.dll
0x00007ffacc7e0000 - 0x00007ffacc989000 	C:\WINDOWS\system32\d3d9.dll
0x00007ffad5c80000 - 0x00007ffad5e3b000 	C:\WINDOWS\System32\DriverStore\FileRepository\u0382224.inf_amd64_c734d32d6997cdb7\B380779\aticfx64.dll
0x00007ffa982a0000 - 0x00007ffa982d4000 	C:\WINDOWS\System32\DriverStore\FileRepository\u0382224.inf_amd64_c734d32d6997cdb7\B380779\atiu9p64.dll
0x00007ffa83290000 - 0x00007ffa83fe5000 	C:\WINDOWS\System32\DriverStore\FileRepository\u0382224.inf_amd64_c734d32d6997cdb7\B380779\atiumd64.dll
0x000000006a340000 - 0x000000006b266000 	C:\WINDOWS\System32\DriverStore\FileRepository\u0382224.inf_amd64_c734d32d6997cdb7\B380779\atiumd6a.dll
0x00007ffae2a50000 - 0x00007ffae2ec4000 	C:\WINDOWS\System32\SETUPAPI.dll
0x00007ffae0220000 - 0x00007ffae026d000 	C:\WINDOWS\SYSTEM32\POWRPROF.dll
0x00007ffae0200000 - 0x00007ffae0213000 	C:\WINDOWS\SYSTEM32\UMPDC.dll
0x00007ffad26b0000 - 0x00007ffad26e5000 	C:\WINDOWS\SYSTEM32\amdihk64.dll
0x00007ffadb220000 - 0x00007ffadb269000 	C:\WINDOWS\SYSTEM32\directxdatabasehelper.dll
0x00007ffa86340000 - 0x00007ffa863c6000 	C:\Program Files\Java\jdk-18.0.2\bin\freetype.dll
0x00007ffa82500000 - 0x00007ffa825a8000 	C:\Program Files\Java\jdk-18.0.2\bin\fontmanager.dll
0x00007ffae1b10000 - 0x00007ffae1bc0000 	C:\WINDOWS\System32\clbcatq.dll
0x00007ffadbcf0000 - 0x00007ffadbea0000 	C:\WINDOWS\SYSTEM32\WindowsCodecs.dll
0x00007ffab1210000 - 0x00007ffab126e000 	C:\WINDOWS\system32\dataexchange.dll
0x00007ffad83a0000 - 0x00007ffad860a000 	C:\WINDOWS\system32\twinapi.appcore.dll
0x00007ffac8df0000 - 0x00007ffac8f1e000 	C:\WINDOWS\SYSTEM32\textinputframework.dll
0x00007ffadd3b0000 - 0x00007ffadd4e3000 	C:\WINDOWS\SYSTEM32\CoreMessaging.dll
0x00007ffada000000 - 0x00007ffada36c000 	C:\WINDOWS\SYSTEM32\CoreUIComponents.dll
0x00007ffadfa90000 - 0x00007ffadfa9c000 	C:\WINDOWS\SYSTEM32\CRYPTBASE.DLL

dbghelp: loaded successfully - version: 4.0.5 - missing functions: none
symbol engine: initialized successfully - sym options: 0x614 - pdb path: .;C:\Program Files\Java\jdk-18.0.2\bin;C:\WINDOWS\SYSTEM32;C:\WINDOWS\WinSxS\amd64_microsoft.windows.common-controls_6595b64144ccf1df_6.0.22621.608_none_a9444ca7c10bb01d;C:\Program Files\Java\jdk-18.0.2\bin\server;C:\WINDOWS\System32\DriverStore\FileRepository\u0382224.inf_amd64_c734d32d6997cdb7\B380779

VM Arguments:
jvm_args: -Dfile.encoding=UTF-8 --module-path=C:\Users\hp\Documents\NetBeansProjects\bank management system\build\classes 
java_command: bank.management.system.SignupOne
java_class_path (initial): C:\Users\hp\Documents\NetBeansProjects\bank management system\build\classes
Launcher Type: SUN_STANDARD

[Global flags]
     intx CICompilerCount                          = 4                                         {product} {ergonomic}
     uint ConcGCThreads                            = 3                                         {product} {ergonomic}
     uint G1ConcRefinementThreads                  = 10                                        {product} {ergonomic}
   size_t G1HeapRegionSize                         = 1048576                                   {product} {ergonomic}
    uintx GCDrainStackTargetSize                   = 64                                        {product} {ergonomic}
   size_t InitialHeapSize                          = 123731968                                 {product} {ergonomic}
   size_t MarkStackSize                            = 4194304                                   {product} {ergonomic}
   size_t MaxHeapSize                              = 1973420032                                {product} {ergonomic}
   size_t MaxNewSize                               = 1183842304                                {product} {ergonomic}
   size_t MinHeapDeltaBytes                        = 1048576                                   {product} {ergonomic}
   size_t MinHeapSize                              = 8388608                                   {product} {ergonomic}
    uintx NonNMethodCodeHeapSize                   = 5839372                                {pd product} {ergonomic}
    uintx NonProfiledCodeHeapSize                  = 122909434                              {pd product} {ergonomic}
    uintx ProfiledCodeHeapSize                     = 122909434                              {pd product} {ergonomic}
    uintx ReservedCodeCacheSize                    = 251658240                              {pd product} {ergonomic}
     bool SegmentedCodeCache                       = true                                      {product} {ergonomic}
   size_t SoftMaxHeapSize                          = 1973420032                             {manageable} {ergonomic}
     bool UseCompressedClassPointers               = true                           {product lp64_product} {ergonomic}
     bool UseCompressedOops                        = true                           {product lp64_product} {ergonomic}
     bool UseG1GC                                  = true                                      {product} {ergonomic}
     bool UseLargePagesIndividualAllocation        = false                                  {pd product} {ergonomic}

Logging:
Log output configuration:
 #0: stdout all=warning uptime,level,tags foldmultilines=false
 #1: stderr all=off uptime,level,tags foldmultilines=false

Environment Variables:
PATH=C:\Program Files\Common Files\Oracle\Java\javapath;C:\Program Files (x86)\Common Files\Oracle\Java\javapath;C:\windows\system32;C:\windows;C:\windows\System32\Wbem;C:\windows\System32\WindowsPowerShell\v1.0\;C:\windows\System32\OpenSSH\;C:\Program Files (x86)\NVIDIA Corporation\PhysX\Common;C:\Program Files\NVIDIA Corporation\NVIDIA NvDLISR;C:\Program Files\dotnet\;C:\WINDOWS\system32;C:\WINDOWS;C:\WINDOWS\System32\Wbem;C:\WINDOWS\System32\WindowsPowerShell\v1.0\;C:\WINDOWS\System32\OpenSSH\;P:\Git\cmd;C:\Program Files\Java\jdk-18.0.2\bin;C:\Program Files\MySQL\MySQL Server 8.0\bin;C:\Program Files\MySQL\MySQL Shell 8.0\bin\;C:\Users\hp\AppData\Local\Microsoft\WindowsApps;C:\Users\hp\.dotnet\tools;A:\MinGW\bin;C:\Program Files\JetBrains\IntelliJ IDEA Community Edition 2022.2.1\bin;;C:\Users\hp\AppData\Local\Programs\Microsoft VS Code\bin;P:\Program Files\Java\jdk-19\bin;;C:\Program Files\JetBrains\PyCharm Community Edition 2022.3.2\bin;
USERNAME=hp
OS=Windows_NT
PROCESSOR_IDENTIFIER=AMD64 Family 25 Model 80 Stepping 0, AuthenticAMD



---------------  S Y S T E M  ---------------

OS:
 Windows 11 , 64 bit Build 22621 (10.0.22621.1344)
OS uptime: 0 days 2:27 hours

CPU: total 12 (initial active 12) (12 cores per cpu, 2 threads per core) family 25 model 80 stepping 0 microcode 0x0, cx8, cmov, fxsr, ht, mmx, 3dnowpref, sse, sse2, sse3, ssse3, sse4a, sse4.1, sse4.2, popcnt, lzcnt, tsc, tscinvbit, avx, avx2, aes, erms, clmul, bmi1, bmi2, adx, sha, fma, vzeroupper, clflush, clflushopt

Memory: 4k page, system-wide physical 7521M (999M free)
TotalPageFile size 23038M (AvailPageFile size 2M)
current process WorkingSet (physical memory assigned to process): 87M, peak: 87M
current process commit charge ("private bytes"): 245M, peak: 248M

vm_info: Java HotSpot(TM) 64-Bit Server VM (18.0.2+9-61) for windows-amd64 JRE (18.0.2+9-61), built on Jun  7 2022 13:09:01 by "mach5one" with MS VC++ 16.8 / 16.9 (VS2019)

END.
